
C:\Users\alebo\source\repos\pds-project-2021\pds-screen-recorder\Debug\gio-2.0-0.dll
C:\Users\alebo\source\repos\pds-project-2021\pds-screen-recorder\Debug\glib-2.0-0.dll
C:\Users\alebo\source\repos\pds-project-2021\pds-screen-recorder\Debug\pcred.dll
C:\Users\alebo\source\repos\pds-project-2021\pds-screen-recorder\Debug\intl-8.dll
C:\Users\alebo\source\repos\pds-project-2021\pds-screen-recorder\Debug\iconv-2.dll
C:\Users\alebo\source\repos\pds-project-2021\pds-screen-recorder\Debug\gobject-2.0-0.dll
C:\Users\alebo\source\repos\pds-project-2021\pds-screen-recorder\Debug\libffi.dll
C:\Users\alebo\source\repos\pds-project-2021\pds-screen-recorder\Debug\gmodule-2.0-0.dll
C:\Users\alebo\source\repos\pds-project-2021\pds-screen-recorder\Debug\zlibd1.dll
C:\Users\alebo\source\repos\pds-project-2021\pds-screen-recorder\Debug\gtk-4-1.dll
C:\Users\alebo\source\repos\pds-project-2021\pds-screen-recorder\Debug\pangocairo-1.0-0.dll
C:\Users\alebo\source\repos\pds-project-2021\pds-screen-recorder\Debug\pango-1.0-0.dll
C:\Users\alebo\source\repos\pds-project-2021\pds-screen-recorder\Debug\fribidi-0.dll
C:\Users\alebo\source\repos\pds-project-2021\pds-screen-recorder\Debug\harfbuzz.dll
C:\Users\alebo\source\repos\pds-project-2021\pds-screen-recorder\Debug\freetyped.dll
C:\Users\alebo\source\repos\pds-project-2021\pds-screen-recorder\Debug\bz2d.dll
C:\Users\alebo\source\repos\pds-project-2021\pds-screen-recorder\Debug\libpng16d.dll
C:\Users\alebo\source\repos\pds-project-2021\pds-screen-recorder\Debug\brotlidec.dll
C:\Users\alebo\source\repos\pds-project-2021\pds-screen-recorder\Debug\brotlicommon.dll
C:\Users\alebo\source\repos\pds-project-2021\pds-screen-recorder\Debug\pangoft2-1.0-0.dll
C:\Users\alebo\source\repos\pds-project-2021\pds-screen-recorder\Debug\fontconfig-1.dll
C:\Users\alebo\source\repos\pds-project-2021\pds-screen-recorder\Debug\libexpatd.dll
C:\Users\alebo\source\repos\pds-project-2021\pds-screen-recorder\Debug\pangowin32-1.0-0.dll
C:\Users\alebo\source\repos\pds-project-2021\pds-screen-recorder\Debug\cairo-2.dll
C:\Users\alebo\source\repos\pds-project-2021\pds-screen-recorder\Debug\cairo-gobject-2.dll
C:\Users\alebo\source\repos\pds-project-2021\pds-screen-recorder\Debug\gdk_pixbuf-2.0-0.dll
C:\Users\alebo\source\repos\pds-project-2021\pds-screen-recorder\Debug\jpeg62.dll
C:\Users\alebo\source\repos\pds-project-2021\pds-screen-recorder\Debug\tiffd.dll
C:\Users\alebo\source\repos\pds-project-2021\pds-screen-recorder\Debug\lzmad.dll
C:\Users\alebo\source\repos\pds-project-2021\pds-screen-recorder\Debug\epoxy-0.dll
C:\Users\alebo\source\repos\pds-project-2021\pds-screen-recorder\Debug\graphene-1.0-0.dll
C:\Users\alebo\source\repos\pds-project-2021\pds-screen-recorder\Debug\cairo-script-interpreter-2.dll
C:\Users\alebo\source\repos\pds-project-2021\pds-screen-recorder\Debug\lzo2.dll
